  Source.cpp
d:\visual studio 2015\projects\c++\datastructures\datastructures\arraylist.h(115): warning C4018: '>=': signed/unsigned mismatch
  d:\visual studio 2015\projects\c++\datastructures\datastructures\arraylist.h(113): note: while compiling class template member function 'bool ArrayList<Point>::remove(int)'
  d:\visual studio 2015\projects\c++\datastructures\datastructures\source.cpp(32): note: see reference to function template instantiation 'bool ArrayList<Point>::remove(int)' being compiled
  d:\visual studio 2015\projects\c++\datastructures\datastructures\source.cpp(22): note: see reference to class template instantiation 'ArrayList<Point>' being compiled
d:\visual studio 2015\projects\c++\datastructures\datastructures\arraylist.h(123): warning C4018: '<': signed/unsigned mismatch
d:\visual studio 2015\projects\c++\datastructures\datastructures\arraylist.h(125): warning C4018: '<': signed/unsigned mismatch
d:\visual studio 2015\projects\c++\datastructures\datastructures\arraylist.h(79): warning C4018: '>': signed/unsigned mismatch
  d:\visual studio 2015\projects\c++\datastructures\datastructures\arraylist.h(76): note: while compiling class template member function 'bool ArrayList<Point>::insert(const Type &,int)'
          with
          [
              Type=Point
          ]
  d:\visual studio 2015\projects\c++\datastructures\datastructures\arraylist.h(105): note: see reference to function template instantiation 'bool ArrayList<Point>::insert(const Type &,int)' being compiled
          with
          [
              Type=Point
          ]
  DataStructures.vcxproj -> D:\visual studio 2015\Projects\C++\DataStructures\Debug\DataStructures.exe
  DataStructures.vcxproj -> D:\visual studio 2015\Projects\C++\DataStructures\Debug\DataStructures.pdb (Full PDB)
